\BOOKMARK [0][-]{Doc-Start}{\376\377\000A\000B\000S\000T\000R\000A\000C\000T}{}% 1
\BOOKMARK [0][-]{Doc-Start}{\376\377\000T\000H\000A\000I\000\040\000A\000B\000S\000T\000R\000A\000C\000T}{}% 2
\BOOKMARK [0][-]{Doc-Start}{\376\377\000A\000C\000K\000N\000O\000W\000L\000E\000D\000G\000M\000E\000N\000T\000S}{}% 3
\BOOKMARK [0][-]{Doc-Start}{\376\377\000C\000O\000N\000T\000E\000N\000T\000S}{}% 4
\BOOKMARK [0][-]{Doc-Start}{\376\377\000L\000I\000S\000T\000\040\000O\000F\000\040\000T\000A\000B\000L\000E\000S}{}% 5
\BOOKMARK [0][-]{Doc-Start}{\376\377\000L\000I\000S\000T\000\040\000O\000F\000\040\000F\000I\000G\000U\000R\000E\000S}{}% 6
\BOOKMARK [0][-]{Doc-Start}{\376\377\000L\000I\000S\000T\000\040\000O\000F\000\040\000S\000Y\000M\000B\000O\000L\000S}{}% 7
\BOOKMARK [0][-]{Doc-Start}{\376\377\000L\000I\000S\000T\000\040\000O\000F\000\040\000T\000E\000C\000H\000N\000I\000C\000A\000L\000\040\000V\000O\000C\000A\000B\000U\000L\000A\000R\000Y\000\040\000A\000N\000D\000\040\000A\000B\000B\000R\000E\000V\000A\000T\000I\000O\000N\000S}{}% 8
\BOOKMARK [0][-]{chapter.1}{\376\377\000C\000H\000A\000P\000T\000E\000R}{}% 9
\BOOKMARK [0][-]{chapter.1}{\376\377\000I\000n\000t\000r\000o\000d\000u\000c\000t\000i\000o\000n}{}% 10
\BOOKMARK [1][-]{section.1.1}{\376\377\000K\000e\000y\000w\000o\000r\000d\000s}{chapter.1}% 11
\BOOKMARK [1][-]{section.1.2}{\376\377\000P\000r\000o\000b\000l\000e\000m\000\040\000S\000t\000a\000t\000e\000m\000e\000n\000t\000,\000\040\000M\000o\000t\000i\000v\000a\000t\000i\000o\000n\000,\000\040\000a\000n\000d\000\040\000P\000o\000t\000e\000n\000t\000i\000a\000l\000\040\000B\000e\000n\000e\000f\000i\000t\000s}{chapter.1}% 12
\BOOKMARK [1][-]{section.1.3}{\376\377\000P\000r\000o\000j\000e\000c\000t\000\040\000T\000y\000p\000e}{chapter.1}% 13
\BOOKMARK [1][-]{section.1.4}{\376\377\000P\000r\000o\000p\000o\000s\000e\000d\000\040\000M\000e\000t\000h\000o\000d}{chapter.1}% 14
\BOOKMARK [2][-]{subsection.1.4.1}{\376\377\000A\000p\000p\000r\000o\000a\000c\000h}{section.1.4}% 15
\BOOKMARK [3][-]{subsubsection.1.4.1.1}{\376\377\000L\000i\000t\000e\000r\000a\000t\000u\000r\000e\000\040\000R\000e\000v\000i\000e\000w\000\040\000a\000n\000d\000\040\000S\000u\000r\000v\000e\000y}{subsection.1.4.1}% 16
\BOOKMARK [3][-]{subsubsection.1.4.1.2}{\376\377\000D\000a\000t\000a\000\040\000C\000o\000l\000l\000e\000c\000t\000i\000o\000n}{subsection.1.4.1}% 17
\BOOKMARK [3][-]{subsubsection.1.4.1.3}{\376\377\000D\000a\000t\000a\000\040\000P\000r\000e\000p\000a\000r\000a\000t\000i\000o\000n}{subsection.1.4.1}% 18
\BOOKMARK [3][-]{subsubsection.1.4.1.4}{\376\377\000C\000o\000n\000s\000t\000r\000u\000c\000t\000\040\000t\000h\000e\000\040\000M\000o\000d\000e\000l}{subsection.1.4.1}% 19
\BOOKMARK [3][-]{subsubsection.1.4.1.5}{\376\377\000D\000e\000s\000i\000g\000n\000\040\000U\000s\000e\000r\000\040\000I\000n\000t\000e\000r\000f\000a\000c\000e}{subsection.1.4.1}% 20
\BOOKMARK [3][-]{subsubsection.1.4.1.6}{\376\377\000B\000u\000i\000l\000d\000\040\000a\000\040\000W\000e\000b\000\040\000A\000p\000p\000l\000i\000c\000a\000t\000i\000o\000n}{subsection.1.4.1}% 21
\BOOKMARK [3][-]{subsubsection.1.4.1.7}{\376\377\000V\000a\000l\000i\000d\000a\000t\000i\000o\000n}{subsection.1.4.1}% 22
\BOOKMARK [2][-]{subsection.1.4.2}{\376\377\000O\000b\000j\000e\000c\000t\000i\000v\000e\000s}{section.1.4}% 23
\BOOKMARK [2][-]{subsection.1.4.3}{\376\377\000S\000c\000o\000p\000e}{section.1.4}% 24
\BOOKMARK [1][-]{section.1.5}{\376\377\000O\000r\000i\000g\000i\000n\000a\000l\000\040\000E\000n\000g\000i\000n\000e\000e\000r\000i\000n\000g\000\040\000C\000o\000n\000t\000e\000n\000t}{chapter.1}% 25
\BOOKMARK [2][-]{subsection.1.5.1}{\376\377\000W\000e\000b\000\040\000A\000p\000p\000l\000i\000c\000a\000t\000i\000o\000n}{section.1.5}% 26
\BOOKMARK [2][-]{subsection.1.5.2}{\376\377\000C\000u\000s\000t\000o\000m\000e\000r\000\040\000B\000e\000h\000a\000v\000i\000o\000r\000\040\000D\000a\000t\000a\000s\000e\000t}{section.1.5}% 27
\BOOKMARK [2][-]{subsection.1.5.3}{\376\377\000G\000r\000o\000u\000p\000\040\000R\000e\000c\000o\000m\000m\000e\000n\000d\000a\000t\000i\000o\000n\000\040\000A\000l\000g\000o\000r\000i\000t\000h\000m}{section.1.5}% 28
\BOOKMARK [1][-]{section.1.6}{\376\377\000T\000a\000s\000k\000\040\000B\000r\000e\000a\000k\000d\000o\000w\000n\000\040\000a\000n\000d\000\040\000D\000r\000a\000f\000t\000\040\000S\000c\000h\000e\000d\000u\000l\000e}{chapter.1}% 29
\BOOKMARK [2][-]{subsection.1.6.1}{\376\377\000S\000e\000m\000e\000s\000t\000e\000r\000\040\0001}{section.1.6}% 30
\BOOKMARK [2][-]{subsection.1.6.2}{\376\377\000S\000e\000m\000e\000s\000t\000e\000r\000\040\0002}{section.1.6}% 31
\BOOKMARK [1][-]{section.1.7}{\376\377\000D\000e\000l\000i\000v\000e\000r\000a\000b\000l\000e\000s\000\040\000f\000o\000r\000\040\000T\000e\000r\000m\000\040\0001}{chapter.1}% 32
\BOOKMARK [1][-]{section.1.8}{\376\377\000D\000e\000l\000i\000v\000e\000r\000a\000b\000l\000e\000s\000\040\000f\000o\000r\000\040\000T\000e\000r\000m\000\040\0002}{chapter.1}% 33
