This is XeTeX, Version 3.141592653-2.6-0.999993 (TeX Live 2021) (preloaded format=xelatex 2021.5.11)  16 MAY 2021 19:16
entering extended mode
 restricted \write18 enabled.
 %&-line parsing enabled.
**no-72.tex
(./no-72.tex
LaTeX2e <2020-10-01> patch level 4
L3 programming layer <2021-02-18> (./cpe-english-project.cls

LaTeX Warning: You have requested document class `cpe-english-project',
               but the document class provides `cpe-grad'.

Document Class: cpe-grad 2016/05/30 CPE,KMUTT latex class
(/usr/local/texlive/2021basic/texmf-dist/tex/latex/base/report.cls
Document Class: report 2020/04/10 v1.4m Standard LaTeX document class
(/usr/local/texlive/2021basic/texmf-dist/tex/latex/base/size10.clo
File: size10.clo 2020/04/10 v1.4m Standard LaTeX file (size option)
)
\c@part=\count175
\c@chapter=\count176
\c@section=\count177
\c@subsection=\count178
\c@subsubsection=\count179
\c@paragraph=\count180
\c@subparagraph=\count181
\c@figure=\count182
\c@table=\count183
\abovecaptionskip=\skip47
\belowcaptionskip=\skip48
\bibindent=\dimen138
)
Document Style `CPE thesis/report'.
(/usr/local/texlive/2021basic/texmf-dist/tex/latex/geometry/geometry.sty
Package: geometry 2020/01/02 v5.9 Page Geometry

(/usr/local/texlive/2021basic/texmf-dist/tex/latex/graphics/keyval.sty
Package: keyval 2014/10/28 v1.15 key=value parser (DPC)
\KV@toks@=\toks15
)
(/usr/local/texlive/2021basic/texmf-dist/tex/generic/iftex/ifvtex.sty
Package: ifvtex 2019/10/25 v1.7 ifvtex legacy package. Use iftex instead.

(/usr/local/texlive/2021basic/texmf-dist/tex/generic/iftex/iftex.sty
Package: iftex 2020/03/06 v1.0d TeX engine tests
))
\Gm@cnth=\count184
\Gm@cntv=\count185
\c@Gm@tempcnt=\count186
\Gm@bindingoffset=\dimen139
\Gm@wd@mp=\dimen140
\Gm@odd@mp=\dimen141
\Gm@even@mp=\dimen142
\Gm@layoutwidth=\dimen143
\Gm@layoutheight=\dimen144
\Gm@layouthoffset=\dimen145
\Gm@layoutvoffset=\dimen146
\Gm@dimlist=\toks16
)
(/usr/local/texlive/2021basic/texmf-dist/tex/latex/graphics/graphicx.sty
Package: graphicx 2020/09/09 v1.2b Enhanced LaTeX Graphics (DPC,SPQR)

(/usr/local/texlive/2021basic/texmf-dist/tex/latex/graphics/graphics.sty
Package: graphics 2020/08/30 v1.4c Standard LaTeX Graphics (DPC,SPQR)

(/usr/local/texlive/2021basic/texmf-dist/tex/latex/graphics/trig.sty
Package: trig 2016/01/03 v1.10 sin cos tan (DPC)
)
(/usr/local/texlive/2021basic/texmf-dist/tex/latex/graphics-cfg/graphics.cfg
File: graphics.cfg 2016/06/04 v1.11 sample graphics configuration
)
Package graphics Info: Driver file: xetex.def on input line 105.

(/usr/local/texlive/2021basic/texmf-dist/tex/latex/graphics-def/xetex.def
File: xetex.def 2021/03/18 v5.0k Graphics/color driver for xetex
))
\Gin@req@height=\dimen147
\Gin@req@width=\dimen148
)
(/usr/local/texlive/2021basic/texmf-dist/tex/latex/tools/array.sty
Package: array 2020/10/01 v2.5c Tabular extension package (FMi)
\col@sep=\dimen149
\ar@mcellbox=\box47
\extrarowheight=\dimen150
\NC@list=\toks17
\extratabsurround=\skip49
\backup@length=\skip50
\ar@cellbox=\box48
)
(/usr/local/texlive/2021basic/texmf-dist/tex/latex/amsfonts/amsfonts.sty
Package: amsfonts 2013/01/14 v3.01 Basic AMSFonts support
\@emptytoks=\toks18
\symAMSa=\mathgroup4
\symAMSb=\mathgroup5
LaTeX Font Info:    Redeclaring math symbol \hbar on input line 98.
LaTeX Font Info:    Overwriting math alphabet `\mathfrak' in version `bold'
(Font)                  U/euf/m/n --> U/euf/b/n on input line 106.
)
(/usr/local/texlive/2021basic/texmf-dist/tex/latex/amsmath/amsmath.sty
Package: amsmath 2020/09/23 v2.17i AMS math features
\@mathmargin=\skip51

For additional information on amsmath, use the `?' option.
(/usr/local/texlive/2021basic/texmf-dist/tex/latex/amsmath/amstext.sty
Package: amstext 2000/06/29 v2.01 AMS text

(/usr/local/texlive/2021basic/texmf-dist/tex/latex/amsmath/amsgen.sty
File: amsgen.sty 1999/11/30 v2.0 generic functions
\@emptytoks=\toks19
\ex@=\dimen151
))
(/usr/local/texlive/2021basic/texmf-dist/tex/latex/amsmath/amsbsy.sty
Package: amsbsy 1999/11/29 v1.2d Bold Symbols
\pmbraise@=\dimen152
)
(/usr/local/texlive/2021basic/texmf-dist/tex/latex/amsmath/amsopn.sty
Package: amsopn 2016/03/08 v2.02 operator names
)
\inf@bad=\count187
LaTeX Info: Redefining \frac on input line 234.
\uproot@=\count188
\leftroot@=\count189
LaTeX Info: Redefining \overline on input line 399.
\classnum@=\count190
\DOTSCASE@=\count191
LaTeX Info: Redefining \ldots on input line 496.
LaTeX Info: Redefining \dots on input line 499.
LaTeX Info: Redefining \cdots on input line 620.
\Mathstrutbox@=\box49
\strutbox@=\box50
\big@size=\dimen153
LaTeX Font Info:    Redeclaring font encoding OML on input line 743.
LaTeX Font Info:    Redeclaring font encoding OMS on input line 744.
\macc@depth=\count192
\c@MaxMatrixCols=\count193
\dotsspace@=\muskip16
\c@parentequation=\count194
\dspbrk@lvl=\count195
\tag@help=\toks20
\row@=\count196
\column@=\count197
\maxfields@=\count198
\andhelp@=\toks21
\eqnshift@=\dimen154
\alignsep@=\dimen155
\tagshift@=\dimen156
\tagwidth@=\dimen157
\totwidth@=\dimen158
\lineht@=\dimen159
\@envbody=\toks22
\multlinegap=\skip52
\multlinetaggap=\skip53
\mathdisplay@stack=\toks23
LaTeX Info: Redefining \[ on input line 2923.
LaTeX Info: Redefining \] on input line 2924.
)
(/usr/local/texlive/2021basic/texmf-dist/tex/xelatex/mathspec/mathspec.sty
Package: mathspec 2016/12/22 v0.2b LaTeX Package (Mathematics font selection fo
r XeLaTeX)

(/usr/local/texlive/2021basic/texmf-dist/tex/latex/etoolbox/etoolbox.sty
Package: etoolbox 2020/10/05 v2.5k e-TeX tools for LaTeX (JAW)
\etb@tempcnta=\count199
)
(/usr/local/texlive/2021basic/texmf-dist/tex/generic/iftex/ifxetex.sty
Package: ifxetex 2019/10/25 v0.7 ifxetex legacy package. Use iftex instead.
)
(/usr/local/texlive/2021basic/texmf-dist/tex/latex/fontspec/fontspec.sty
(/usr/local/texlive/2021basic/texmf-dist/tex/latex/l3packages/xparse/xparse.sty
(/usr/local/texlive/2021basic/texmf-dist/tex/latex/l3kernel/expl3.sty
Package: expl3 2021-02-18 L3 programming layer (loader) 

(/usr/local/texlive/2021basic/texmf-dist/tex/latex/l3backend/l3backend-xetex.de
f
File: l3backend-xetex.def 2021-03-18 L3 backend support: XeTeX
 (|extractbb --version)
\c__kernel_sys_dvipdfmx_version_int=\count266
\l__color_backend_stack_int=\count267
\g__color_backend_stack_int=\count268
\g__graphics_track_int=\count269
\l__pdf_internal_box=\box51
\g__pdf_backend_object_int=\count270
\g__pdf_backend_annotation_int=\count271
\g__pdf_backend_link_int=\count272
))
(/usr/local/texlive/2021basic/texmf-dist/tex/latex/l3packages/xparse/xparse-202
0-10-01.sty
(/usr/local/texlive/2021basic/texmf-dist/tex/latex/l3packages/xparse/xparse-gen
eric.tex)))
Package: fontspec 2020/02/21 v2.7i Font selection for XeLaTeX and LuaLaTeX

(/usr/local/texlive/2021basic/texmf-dist/tex/latex/fontspec/fontspec-xetex.sty
Package: fontspec-xetex 2020/02/21 v2.7i Font selection for XeLaTeX and LuaLaTe
X
\l__fontspec_script_int=\count273
\l__fontspec_language_int=\count274
\l__fontspec_strnum_int=\count275
\l__fontspec_tmp_int=\count276
\l__fontspec_tmpa_int=\count277
\l__fontspec_tmpb_int=\count278
\l__fontspec_tmpc_int=\count279
\l__fontspec_em_int=\count280
\l__fontspec_emdef_int=\count281
\l__fontspec_strong_int=\count282
\l__fontspec_strongdef_int=\count283
\l__fontspec_tmpa_dim=\dimen160
\l__fontspec_tmpb_dim=\dimen161
\l__fontspec_tmpc_dim=\dimen162

(/usr/local/texlive/2021basic/texmf-dist/tex/latex/base/fontenc.sty
Package: fontenc 2020/08/10 v2.0s Standard LaTeX package
)
(/usr/local/texlive/2021basic/texmf-dist/tex/latex/fontspec/fontspec.cfg)))
(/usr/local/texlive/2021basic/texmf-dist/tex/latex/xkeyval/xkeyval.sty
Package: xkeyval 2020/11/20 v2.8 package option processing (HA)

(/usr/local/texlive/2021basic/texmf-dist/tex/generic/xkeyval/xkeyval.tex
(/usr/local/texlive/2021basic/texmf-dist/tex/generic/xkeyval/xkvutils.tex
\XKV@toks=\toks24
\XKV@tempa@toks=\toks25
)
\XKV@depth=\count284
File: xkeyval.tex 2014/12/03 v2.7a key=value parser (HA)
))
\c@eu@=\count285
\c@eu@i=\count286
\c@mkern=\count287
)
(/usr/local/texlive/2021basic/texmf-dist/tex/xelatex/xunicode/xunicode.sty
File: xunicode.sty 2011/09/09 v0.981 provides access to latin accents and many 
other characters in Unicode lower plane

(/usr/local/texlive/2021basic/texmf-dist/tex/latex/tipa/t3enc.def
File: t3enc.def 2001/12/31 T3 encoding
)
\tipaTiiicode=\count288
\tipasavetokens=\toks26
\tipachecktokens=\toks27
)
(/usr/local/texlive/2021basic/texmf-dist/tex/xelatex/xltxtra/xltxtra.sty
Package: xltxtra 2018/12/31 v0.7 Improvements for the "XeLaTeX" format

(/usr/local/texlive/2021basic/texmf-dist/tex/generic/iftex/ifluatex.sty
Package: ifluatex 2019/10/25 v1.5 ifluatex legacy package. Use iftex instead.
)
(/usr/local/texlive/2021basic/texmf-dist/tex/latex/realscripts/realscripts.sty
Package: realscripts 2016/02/13 v0.3d Access OpenType subscripts and superscrip
ts
\subsupersep=\dimen163
) (/usr/local/texlive/2021basic/texmf-dist/tex/latex/metalogo/metalogo.sty
Package: metalogo 2010/05/29 v0.12 Extended TeX logo macros
\xl@everylogo=\toks28
\xl@@everylogo=\toks29
LaTeX Info: Redefining \TeX on input line 193.
LaTeX Info: Redefining \LaTeX on input line 202.
LaTeX Info: Redefining \LaTeXe on input line 219.
)
\l__xetex_show_hyphens_wrapping_box=\box52
\l__xetex_show_hyphens_temp_box=\box53
\l__xetex_show_hyphens_final_box=\box54
\g__xetex_show_hyphens_word_box=\box55
)
(/usr/local/texlive/2021basic/texmf-dist/tex/latex/url/url.sty
\Urlmuskip=\muskip17
Package: url 2013/09/16  ver 3.4  Verb mode for urls, etc.
)
(/usr/local/texlive/2021basic/texmf-dist/tex/latex/hyperref/hyperref.sty
Package: hyperref 2021-02-27 v7.00k Hypertext links for LaTeX

(/usr/local/texlive/2021basic/texmf-dist/tex/generic/ltxcmds/ltxcmds.sty
Package: ltxcmds 2020-05-10 v1.25 LaTeX kernel commands for general use (HO)
)
(/usr/local/texlive/2021basic/texmf-dist/tex/generic/pdftexcmds/pdftexcmds.sty
Package: pdftexcmds 2020-06-27 v0.33 Utility functions of pdfTeX for LuaTeX (HO
)

(/usr/local/texlive/2021basic/texmf-dist/tex/generic/infwarerr/infwarerr.sty
Package: infwarerr 2019/12/03 v1.5 Providing info/warning/error messages (HO)
)
Package pdftexcmds Info: \pdf@primitive is available.
Package pdftexcmds Info: \pdf@ifprimitive is available.
Package pdftexcmds Info: \pdfdraftmode not found.
)
(/usr/local/texlive/2021basic/texmf-dist/tex/generic/kvsetkeys/kvsetkeys.sty
Package: kvsetkeys 2019/12/15 v1.18 Key value parser (HO)
)
(/usr/local/texlive/2021basic/texmf-dist/tex/generic/kvdefinekeys/kvdefinekeys.
sty
Package: kvdefinekeys 2019-12-19 v1.6 Define keys (HO)
)
(/usr/local/texlive/2021basic/texmf-dist/tex/generic/pdfescape/pdfescape.sty
Package: pdfescape 2019/12/09 v1.15 Implements pdfTeX's escape features (HO)
)
(/usr/local/texlive/2021basic/texmf-dist/tex/latex/hycolor/hycolor.sty
Package: hycolor 2020-01-27 v1.10 Color options for hyperref/bookmark (HO)
)
(/usr/local/texlive/2021basic/texmf-dist/tex/latex/letltxmacro/letltxmacro.sty
Package: letltxmacro 2019/12/03 v1.6 Let assignment for LaTeX macros (HO)
) (/usr/local/texlive/2021basic/texmf-dist/tex/latex/auxhook/auxhook.sty
Package: auxhook 2019-12-17 v1.6 Hooks for auxiliary files (HO)
)
(/usr/local/texlive/2021basic/texmf-dist/tex/latex/kvoptions/kvoptions.sty
Package: kvoptions 2020-10-07 v3.14 Key value format for package options (HO)
)
\@linkdim=\dimen164
\Hy@linkcounter=\count289
\Hy@pagecounter=\count290

(/usr/local/texlive/2021basic/texmf-dist/tex/latex/hyperref/pd1enc.def
File: pd1enc.def 2021-02-27 v7.00k Hyperref: PDFDocEncoding definition (HO)
)
(/usr/local/texlive/2021basic/texmf-dist/tex/latex/hyperref/hyperref-langpatche
s.def
File: hyperref-langpatches.def 2021-02-27 v7.00k Hyperref: patches for babel la
nguages
) (/usr/local/texlive/2021basic/texmf-dist/tex/generic/intcalc/intcalc.sty
Package: intcalc 2019/12/15 v1.3 Expandable calculations with integers (HO)
) (/usr/local/texlive/2021basic/texmf-dist/tex/generic/etexcmds/etexcmds.sty
Package: etexcmds 2019/12/15 v1.7 Avoid name clashes with e-TeX commands (HO)
)
\Hy@SavedSpaceFactor=\count291

(/usr/local/texlive/2021basic/texmf-dist/tex/latex/hyperref/puenc.def
File: puenc.def 2021-02-27 v7.00k Hyperref: PDF Unicode definition (HO)

(/usr/local/texlive/2021basic/texmf-dist/tex/latex/hyperref/puenc-greekbasic.de
f
File: puenc-greekbasic.def 2021-02-27 v7.00k Hyperref: PDF Unicode definition (
greek block) (HO)
))
Package hyperref Info: Hyper figures OFF on input line 4192.
Package hyperref Info: Link nesting OFF on input line 4197.
Package hyperref Info: Hyper index ON on input line 4200.
Package hyperref Info: Plain pages OFF on input line 4207.
Package hyperref Info: Backreferencing OFF on input line 4212.
Package hyperref Info: Implicit mode ON; LaTeX internals redefined.
Package hyperref Info: Bookmarks ON on input line 4445.
\c@Hy@tempcnt=\count292
LaTeX Info: Redefining \url on input line 4804.
\XeTeXLinkMargin=\dimen165
 (/usr/local/texlive/2021basic/texmf-dist/tex/generic/bitset/bitset.sty
Package: bitset 2019/12/09 v1.3 Handle bit-vector datatype (HO)

(/usr/local/texlive/2021basic/texmf-dist/tex/generic/bigintcalc/bigintcalc.sty
Package: bigintcalc 2019/12/15 v1.5 Expandable calculations on big integers (HO
)
))
\Fld@menulength=\count293
\Field@Width=\dimen166
\Fld@charsize=\dimen167
Package hyperref Info: Hyper figures OFF on input line 6075.
Package hyperref Info: Link nesting OFF on input line 6080.
Package hyperref Info: Hyper index ON on input line 6083.
Package hyperref Info: backreferencing OFF on input line 6090.
Package hyperref Info: Link coloring OFF on input line 6095.
Package hyperref Info: Link coloring with OCG OFF on input line 6100.
Package hyperref Info: PDF/A mode OFF on input line 6105.
LaTeX Info: Redefining \ref on input line 6145.
LaTeX Info: Redefining \pageref on input line 6149.
 (/usr/local/texlive/2021basic/texmf-dist/tex/latex/base/atbegshi-ltx.sty
Package: atbegshi-ltx 2020/08/17 v1.0a Emulation of the original atbegshi packa
ge
with kernel methods
)
\Hy@abspage=\count294
\c@Item=\count295
\c@Hfootnote=\count296
)
Package hyperref Info: Driver (autodetected): hxetex.

(/usr/local/texlive/2021basic/texmf-dist/tex/latex/hyperref/hxetex.def
File: hxetex.def 2021-02-27 v7.00k Hyperref driver for XeTeX

(/usr/local/texlive/2021basic/texmf-dist/tex/generic/stringenc/stringenc.sty
Package: stringenc 2019/11/29 v1.12 Convert strings between diff. encodings (HO
)
)
\pdfm@box=\box56
\c@Hy@AnnotLevel=\count297
\HyField@AnnotCount=\count298
\Fld@listcount=\count299
\c@bookmark@seq@number=\count300

(/usr/local/texlive/2021basic/texmf-dist/tex/latex/rerunfilecheck/rerunfilechec
k.sty
Package: rerunfilecheck 2019/12/05 v1.9 Rerun checks for auxiliary files (HO)
 (/usr/local/texlive/2021basic/texmf-dist/tex/latex/base/atveryend-ltx.sty
Package: atveryend-ltx 2020/08/19 v1.0a Emulation of the original atvery packag
e
with kernel methods
)
(/usr/local/texlive/2021basic/texmf-dist/tex/generic/uniquecounter/uniquecounte
r.sty
Package: uniquecounter 2019/12/15 v1.4 Provide unlimited unique counter (HO)
)
Package uniquecounter Info: New unique counter `rerunfilecheck' on input line 2
86.
)
\Hy@SectionHShift=\skip54
)
Package hyperref Info: Option `linktocpage' set `true' on input line 49.
Package hyperref Info: Option `colorlinks' set `true' on input line 49.
\bibindent=\dimen168
 (/usr/local/texlive/2021basic/texmf-dist/tex/latex/base/latexsym.sty
Package: latexsym 1998/08/17 v2.2e Standard LaTeX package (lasy symbols)
\symlasy=\mathgroup6
LaTeX Font Info:    Overwriting symbol font `lasy' in version `bold'
(Font)                  U/lasy/m/n --> U/lasy/b/n on input line 52.
)
\c@definition=\count301
) (/usr/local/texlive/2021basic/texmf-dist/tex/latex/polyglossia/polyglossia.st
y
Package: polyglossia 2021/03/16 v1.52 Modern multilingual typesetting with XeLa
TeX and LuaLaTeX
(/usr/local/texlive/2021basic/texmf-dist/tex/latex/makecmds/makecmds.sty
Package: makecmds 2009/09/03 v1.0a extra command making commands
)
(/usr/local/texlive/2021basic/texmf-dist/tex/latex/l3packages/l3keys2e/l3keys2e
.sty
Package: l3keys2e 2021-03-12 LaTeX2e option processing using LaTeX3 keys
)
\xpg@normalclass=\XeTeXcharclass1

(/usr/local/texlive/2021basic/texmf-dist/tex/latex/polyglossia/gloss-latex.ldf
File: gloss-latex.ldf polyglossia: module for default language
The property list \polyglossia@langsetup contains the pairs (without outer
braces):
>  {latex/script}  =>  {latin}
>  {latex/lcscript}  =>  {latin}
>  {latex/scripttag}  =>  {}
>  {latex/language}  =>  {Latex}
>  {latex/langtag}  =>  {ENG}
>  {latex/bcp47}  =>  {}
>  {latex/hyphennames}  =>  {english}
>  {latex/direction}  =>  {LR}
>  {latex/hyphenmins}  =>  {2,3}
>  {latex/frenchspacing}  =>  {false}
>  {latex/indentfirst}  =>  {false}
>  {latex/fontsetup}  =>  {true}
>  {latex/envname}  =>  {latex}
>  {latex/babelname}  =>  {latex}
>  {latex/localnumeral}  =>  {polyglossia@C@localnumeral}
>  {latex/Localnumeral}  =>  {polyglossia@C@localnumeral}.
)
Package polyglossia Info: Default language is latex.
) (/usr/local/texlive/2021basic/texmf-dist/tex/latex/tools/tabularx.sty
Package: tabularx 2020/01/15 v2.11c `tabularx' package (DPC)
\TX@col@width=\dimen169
\TX@old@table=\dimen170
\TX@old@col=\dimen171
\TX@target=\dimen172
\TX@delta=\dimen173
\TX@cols=\count302
\TX@ftn=\toks30
)
(/usr/local/texlive/2021basic/texmf-dist/tex/latex/polyglossia/gloss-english.ld
f
File: gloss-english.ldf polyglossia: module for english
The property list \polyglossia@langsetup contains the pairs (without outer
braces):
>  {latex/script}  =>  {latin}
>  {latex/lcscript}  =>  {latin}
>  {latex/scripttag}  =>  {}
>  {latex/language}  =>  {Latex}
>  {latex/langtag}  =>  {ENG}
>  {latex/bcp47}  =>  {}
>  {latex/hyphennames}  =>  {english}
>  {latex/direction}  =>  {LR}
>  {latex/hyphenmins}  =>  {2,3}
>  {latex/frenchspacing}  =>  {false}
>  {latex/indentfirst}  =>  {false}
>  {latex/fontsetup}  =>  {true}
>  {latex/envname}  =>  {latex}
>  {latex/babelname}  =>  {latex}
>  {latex/localnumeral}  =>  {polyglossia@C@localnumeral}
>  {latex/Localnumeral}  =>  {polyglossia@C@localnumeral}
>  {english/script}  =>  {latin}
>  {english/lcscript}  =>  {latin}
>  {english/scripttag}  =>  {}
>  {english/language}  =>  {English}
>  {english/langtag}  =>  {ENG}
>  {english/bcp47}  =>  {en-US}
>  {english/hyphennames}  =>  {english,american,usenglish,USenglish}
>  {english/direction}  =>  {LR}
>  {english/hyphenmins}  =>  {2,3}
>  {english/frenchspacing}  =>  {false}
>  {english/indentfirst}  =>  {false}
>  {english/fontsetup}  =>  {true}
>  {english/envname}  =>  {english}
>  {english/babelname}  =>  {english}
>  {english/localnumeral}  =>  {polyglossia@C@localnumeral}
>  {english/Localnumeral}  =>  {polyglossia@C@localnumeral}.
Package polyglossia Info: Option: English, variant=american.
)
Package polyglossia Info: Default language is english.

(/usr/local/texlive/2021basic/texmf-dist/tex/latex/polyglossia/gloss-thai.ldf
File: gloss-thai.ldf polyglossia: module for thai
The property list \polyglossia@langsetup contains the pairs (without outer
braces):
>  {latex/script}  =>  {latin}
>  {latex/lcscript}  =>  {latin}
>  {latex/scripttag}  =>  {}
>  {latex/language}  =>  {Latex}
>  {latex/langtag}  =>  {ENG}
>  {latex/bcp47}  =>  {}
>  {latex/hyphennames}  =>  {english}
>  {latex/direction}  =>  {LR}
>  {latex/hyphenmins}  =>  {2,3}
>  {latex/frenchspacing}  =>  {false}
>  {latex/indentfirst}  =>  {false}
>  {latex/fontsetup}  =>  {true}
>  {latex/envname}  =>  {latex}
>  {latex/babelname}  =>  {latex}
>  {latex/localnumeral}  =>  {polyglossia@C@localnumeral}
>  {latex/Localnumeral}  =>  {polyglossia@C@localnumeral}
>  {english/script}  =>  {latin}
>  {english/lcscript}  =>  {latin}
>  {english/scripttag}  =>  {}
>  {english/language}  =>  {English}
>  {english/langtag}  =>  {ENG}
>  {english/bcp47}  =>  {en-US}
>  {english/hyphennames}  =>  {english,american,usenglish,USenglish}
>  {english/direction}  =>  {LR}
>  {english/hyphenmins}  =>  {2,3}
>  {english/frenchspacing}  =>  {false}
>  {english/indentfirst}  =>  {false}
>  {english/fontsetup}  =>  {true}
>  {english/envname}  =>  {english}
>  {english/babelname}  =>  {american}
>  {english/localnumeral}  =>  {polyglossia@C@localnumeral}
>  {english/Localnumeral}  =>  {polyglossia@C@localnumeral}
>  {thai/script}  =>  {Thai}
>  {thai/lcscript}  =>  {thai}
>  {thai/scripttag}  =>  {thai}
>  {thai/language}  =>  {Thai}
>  {thai/langtag}  =>  {THA}
>  {thai/bcp47}  =>  {th}
>  {thai/hyphennames}  =>  {nohyphenation}
>  {thai/direction}  =>  {LR}
>  {thai/hyphenmins}  =>  {2,3}
>  {thai/frenchspacing}  =>  {false}
>  {thai/indentfirst}  =>  {false}
>  {thai/fontsetup}  =>  {true}
>  {thai/envname}  =>  {thai}
>  {thai/babelname}  =>  {thai}
>  {thai/localnumeral}  =>  {thainumerals}
>  {thai/Localnumeral}  =>  {thainumerals}.
)

Package fontspec Info: Font family 'THSarabunNew(0)' created for font 'TH
(fontspec)             Sarabun New' with options [Script=Thai,Scale=1.23].
(fontspec)              
(fontspec)              This font family consists of the following NFSS
(fontspec)             series/shapes:
(fontspec)              
(fontspec)             - 'normal' (m/n) with NFSS spec.: <->s*[1.23]"TH
(fontspec)             Sarabun New/OT:script=thai;language=dflt;"
(fontspec)             - 'small caps'  (m/sc) with NFSS spec.: 
(fontspec)             - 'bold' (b/n) with NFSS spec.: <->s*[1.23]"TH Sarabun
(fontspec)             New/B/OT:script=thai;language=dflt;"
(fontspec)             - 'bold small caps'  (b/sc) with NFSS spec.: 
(fontspec)             - 'italic' (m/it) with NFSS spec.: <->s*[1.23]"TH
(fontspec)             Sarabun New/I/OT:script=thai;language=dflt;"
(fontspec)             - 'italic small caps'  (m/scit) with NFSS spec.: 
(fontspec)             - 'bold italic' (b/it) with NFSS spec.: <->s*[1.23]"TH
(fontspec)             Sarabun New/BI/OT:script=thai;language=dflt;"
(fontspec)             - 'bold italic small caps'  (b/scit) with NFSS spec.: 


Package fontspec Info: Font family 'TimesNewRoman(0)' created for font 'Times
(fontspec)             New Roman' with options
(fontspec)             [Mapping=tex-text,Scale=1.0,LetterSpace=0.0,Ligatures=Te
X,Scale=1.0,LetterSpace=0,WordSpace=1.0,FakeStretch=1.0].
(fontspec)              
(fontspec)              This font family consists of the following NFSS
(fontspec)             series/shapes:
(fontspec)              
(fontspec)             - 'normal' (m/n) with NFSS spec.: <->s*[1.0]"Times New
(fontspec)             Roman/OT:script=latn;language=dflt;letterspace=0.0;lette
rspace=0;extend=1.0;mapping=tex-text;"
(fontspec)             - 'small caps'  (m/sc) with NFSS spec.: 
(fontspec)             and font adjustment code:
(fontspec)             \fontdimen 2\font =1.0\fontdimen 2\font \fontdimen
(fontspec)             3\font =1.0\fontdimen 3\font \fontdimen 4\font
(fontspec)             =1.0\fontdimen 4\font 
(fontspec)             - 'bold' (b/n) with NFSS spec.: <->s*[1.0]"Times New
(fontspec)             Roman/B/OT:script=latn;language=dflt;letterspace=0.0;let
terspace=0;extend=1.0;mapping=tex-text;"
(fontspec)             - 'bold small caps'  (b/sc) with NFSS spec.: 
(fontspec)             and font adjustment code:
(fontspec)             \fontdimen 2\font =1.0\fontdimen 2\font \fontdimen
(fontspec)             3\font =1.0\fontdimen 3\font \fontdimen 4\font
(fontspec)             =1.0\fontdimen 4\font 
(fontspec)             - 'italic' (m/it) with NFSS spec.: <->s*[1.0]"Times New
(fontspec)             Roman/I/OT:script=latn;language=dflt;letterspace=0.0;let
terspace=0;extend=1.0;mapping=tex-text;"
(fontspec)             - 'italic small caps'  (m/scit) with NFSS spec.: 
(fontspec)             and font adjustment code:
(fontspec)             \fontdimen 2\font =1.0\fontdimen 2\font \fontdimen
(fontspec)             3\font =1.0\fontdimen 3\font \fontdimen 4\font
(fontspec)             =1.0\fontdimen 4\font 
(fontspec)             - 'bold italic' (b/it) with NFSS spec.:
(fontspec)             <->s*[1.0]"Times New
(fontspec)             Roman/BI/OT:script=latn;language=dflt;letterspace=0.0;le
tterspace=0;extend=1.0;mapping=tex-text;"
(fontspec)             - 'bold italic small caps'  (b/scit) with NFSS spec.: 
(fontspec)             and font adjustment code:
(fontspec)             \fontdimen 2\font =1.0\fontdimen 2\font \fontdimen
(fontspec)             3\font =1.0\fontdimen 3\font \fontdimen 4\font
(fontspec)             =1.0\fontdimen 4\font 

LaTeX Font Info:    Font shape `TU/TimesNewRoman(0)/m/n' will be
(Font)              scaled to size 10.0pt on input line 13.
\c@theorem=\count303
\c@lemma=\count304
\c@corollary=\count305

(./no-72.aux
LaTeX Info: Redefining \rmfamily on input line 19.
LaTeX Info: Redefining \sffamily on input line 19.
LaTeX Info: Redefining \ttfamily on input line 19.


LaTeX Warning: Label `fig:3seqdiagram_register' multiply defined.

)
\openout1 = `no-72.aux'.

LaTeX Font Info:    Checking defaults for OML/cmm/m/it on input line 121.
LaTeX Font Info:    ... okay on input line 121.
LaTeX Font Info:    Checking defaults for OMS/cmsy/m/n on input line 121.
LaTeX Font Info:    ... okay on input line 121.
LaTeX Font Info:    Checking defaults for OT1/cmr/m/n on input line 121.
LaTeX Font Info:    ... okay on input line 121.
LaTeX Font Info:    Checking defaults for T1/cmr/m/n on input line 121.
LaTeX Font Info:    ... okay on input line 121.
LaTeX Font Info:    Checking defaults for TS1/cmr/m/n on input line 121.
LaTeX Font Info:    Trying to load font information for TS1+cmr on input line 1
21.
 (/usr/local/texlive/2021basic/texmf-dist/tex/latex/base/ts1cmr.fd
File: ts1cmr.fd 2019/12/16 v2.5j Standard LaTeX font definitions
)
LaTeX Font Info:    ... okay on input line 121.
LaTeX Font Info:    Checking defaults for TU/lmr/m/n on input line 121.
LaTeX Font Info:    ... okay on input line 121.
LaTeX Font Info:    Checking defaults for OMX/cmex/m/n on input line 121.
LaTeX Font Info:    ... okay on input line 121.
LaTeX Font Info:    Checking defaults for U/cmr/m/n on input line 121.
LaTeX Font Info:    ... okay on input line 121.
LaTeX Font Info:    Checking defaults for T3/cmr/m/n on input line 121.
LaTeX Font Info:    Trying to load font information for T3+cmr on input line 12
1.

(/usr/local/texlive/2021basic/texmf-dist/tex/latex/tipa/t3cmr.fd
File: t3cmr.fd 2001/12/31 TIPA font definitions
)
LaTeX Font Info:    ... okay on input line 121.
LaTeX Font Info:    Checking defaults for PD1/pdf/m/n on input line 121.
LaTeX Font Info:    ... okay on input line 121.
LaTeX Font Info:    Checking defaults for PU/pdf/m/n on input line 121.
LaTeX Font Info:    ... okay on input line 121.

*geometry* driver: auto-detecting
*geometry* detected driver: xetex
*geometry* verbose mode - [ preamble ] result:
* driver: xetex
* paper: a4paper
* layout: <same size as paper>
* layoutoffset:(h,v)=(0.0pt,0.0pt)
* modes: 
* h-part:(L,W,R)=(113.81102pt, 426.79135pt, 56.9055pt)
* v-part:(T,H,B)=(85.35826pt, 702.78308pt, 56.9055pt)
* \paperwidth=597.50787pt
* \paperheight=845.04684pt
* \textwidth=433.62pt
* \textheight=712.49861pt
* \oddsidemargin=36.135pt
* \evensidemargin=41.54103pt
* \topmargin=-22.76228pt
* \headheight=12.0pt
* \headsep=25.0pt
* \topskip=10.0pt
* \footskip=30.0pt
* \marginparwidth=65.0pt
* \marginparsep=11.0pt
* \columnsep=10.0pt
* \skip\footins=9.0pt plus 4.0pt minus 2.0pt
* \hoffset=0.0pt
* \voffset=0.0pt
* \mag=1000
* \@twocolumnfalse
* \@twosidefalse
* \@mparswitchfalse
* \@reversemarginfalse
* (1in=72.27pt=25.4mm, 1cm=28.453pt)

(/usr/local/texlive/2021basic/texmf-dist/tex/latex/graphics/color.sty
Package: color 2020/02/24 v1.2b Standard LaTeX Color (DPC)

(/usr/local/texlive/2021basic/texmf-dist/tex/latex/graphics-cfg/color.cfg
File: color.cfg 2016/01/02 v1.6 sample color configuration
)
Package color Info: Driver file: xetex.def on input line 147.
)
Package hyperref Info: Link coloring ON on input line 121.

(/usr/local/texlive/2021basic/texmf-dist/tex/latex/hyperref/nameref.sty
Package: nameref 2021-04-02 v2.47 Cross-referencing by name of section

(/usr/local/texlive/2021basic/texmf-dist/tex/latex/refcount/refcount.sty
Package: refcount 2019/12/15 v3.6 Data extraction from label references (HO)
)
(/usr/local/texlive/2021basic/texmf-dist/tex/generic/gettitlestring/gettitlestr
ing.sty
Package: gettitlestring 2019/12/15 v1.6 Cleanup title references (HO)
)
\c@section@level=\count306
)
LaTeX Info: Redefining \ref on input line 121.
LaTeX Info: Redefining \pageref on input line 121.
LaTeX Info: Redefining \nameref on input line 121.
 (./no-72.out) (./no-72.out)
\@outlinefile=\write3
\openout3 = `no-72.out'.

LaTeX Info: Redefining \rmfamily on input line 121.
LaTeX Info: Redefining \sffamily on input line 121.
LaTeX Info: Redefining \ttfamily on input line 121.
File: logo02.jpg Graphic file (type bmp)
<logo02.jpg>
 [1


]
LaTeX Font Info:    Trying to load font information for U+msa on input line 131
.

(/usr/local/texlive/2021basic/texmf-dist/tex/latex/amsfonts/umsa.fd
File: umsa.fd 2013/01/14 v3.01 AMS symbols A
)
LaTeX Font Info:    Trying to load font information for U+msb on input line 131
.

(/usr/local/texlive/2021basic/texmf-dist/tex/latex/amsfonts/umsb.fd
File: umsb.fd 2013/01/14 v3.01 AMS symbols B
)
LaTeX Font Info:    Trying to load font information for U+lasy on input line 13
1.

(/usr/local/texlive/2021basic/texmf-dist/tex/latex/base/ulasy.fd
File: ulasy.fd 1998/08/17 v2.2e LaTeX symbol font definitions
)
Underfull \hbox (badness 10000) in alignment at lines 131--131
[] [] 
 []

[2]

Package hyperref Warning: bookmark level for unknown chapterx defaults to 0.

LaTeX Font Info:    Font shape `TU/TimesNewRoman(0)/b/n' will be
(Font)              scaled to size 10.0pt on input line 136.

Underfull \hbox (badness 10000) in alignment at lines 144--146
[][] 
 []

[2]
LaTeX Font Info:    Font shape `TU/THSarabunNew(0)/m/n' will be
(Font)              scaled to size 12.29996pt on input line 155.
LaTeX Info: Redefining \rmfamily on input line 156.
LaTeX Info: Redefining \sffamily on input line 156.
LaTeX Info: Redefining \ttfamily on input line 156.
\thai@year=\count307
LaTeX Info: Redefining \rmfamily on input line 156.
LaTeX Info: Redefining \sffamily on input line 156.
LaTeX Info: Redefining \ttfamily on input line 156.
LaTeX Info: Redefining \rmfamily on input line 156.
LaTeX Info: Redefining \sffamily on input line 156.
LaTeX Info: Redefining \ttfamily on input line 156.
\thai@year=\count308
LaTeX Info: Redefining \rmfamily on input line 156.
LaTeX Info: Redefining \sffamily on input line 156.
LaTeX Info: Redefining \ttfamily on input line 156.
LaTeX Info: Redefining \rmfamily on input line 156.
LaTeX Info: Redefining \sffamily on input line 156.
LaTeX Info: Redefining \ttfamily on input line 156.
\thai@year=\count309
LaTeX Info: Redefining \rmfamily on input line 156.
LaTeX Info: Redefining \sffamily on input line 156.
LaTeX Info: Redefining \ttfamily on input line 156.
LaTeX Info: Redefining \rmfamily on input line 156.
LaTeX Info: Redefining \sffamily on input line 156.
LaTeX Info: Redefining \ttfamily on input line 156.
\thai@year=\count310
LaTeX Info: Redefining \rmfamily on input line 156.
LaTeX Info: Redefining \sffamily on input line 156.
LaTeX Info: Redefining \ttfamily on input line 156.
LaTeX Info: Redefining \rmfamily on input line 156.
LaTeX Info: Redefining \sffamily on input line 156.
LaTeX Info: Redefining \ttfamily on input line 156.
\thai@year=\count311
LaTeX Info: Redefining \rmfamily on input line 156.
LaTeX Info: Redefining \sffamily on input line 156.
LaTeX Info: Redefining \ttfamily on input line 156.
LaTeX Info: Redefining \rmfamily on input line 156.
LaTeX Info: Redefining \sffamily on input line 156.
LaTeX Info: Redefining \ttfamily on input line 156.
\thai@year=\count312
LaTeX Info: Redefining \rmfamily on input line 156.
LaTeX Info: Redefining \sffamily on input line 156.
LaTeX Info: Redefining \ttfamily on input line 156.
LaTeX Info: Redefining \rmfamily on input line 156.
LaTeX Info: Redefining \sffamily on input line 156.
LaTeX Info: Redefining \ttfamily on input line 156.
\thai@year=\count313
LaTeX Info: Redefining \rmfamily on input line 156.
LaTeX Info: Redefining \sffamily on input line 156.
LaTeX Info: Redefining \ttfamily on input line 156.
LaTeX Info: Redefining \rmfamily on input line 156.
LaTeX Info: Redefining \sffamily on input line 156.
LaTeX Info: Redefining \ttfamily on input line 156.
\thai@year=\count314
LaTeX Info: Redefining \rmfamily on input line 156.
LaTeX Info: Redefining \sffamily on input line 156.
LaTeX Info: Redefining \ttfamily on input line 156.
LaTeX Info: Redefining \rmfamily on input line 156.
LaTeX Info: Redefining \sffamily on input line 156.
LaTeX Info: Redefining \ttfamily on input line 156.
\thai@year=\count315
LaTeX Info: Redefining \rmfamily on input line 156.
LaTeX Info: Redefining \sffamily on input line 156.
LaTeX Info: Redefining \ttfamily on input line 156.
LaTeX Info: Redefining \rmfamily on input line 156.
LaTeX Info: Redefining \sffamily on input line 156.
LaTeX Info: Redefining \ttfamily on input line 156.
\thai@year=\count316
LaTeX Info: Redefining \rmfamily on input line 156.
LaTeX Info: Redefining \sffamily on input line 156.
LaTeX Info: Redefining \ttfamily on input line 156.
LaTeX Info: Redefining \rmfamily on input line 156.
LaTeX Info: Redefining \sffamily on input line 156.
LaTeX Info: Redefining \ttfamily on input line 156.
\thai@year=\count317
LaTeX Info: Redefining \rmfamily on input line 156.
LaTeX Info: Redefining \sffamily on input line 156.
LaTeX Info: Redefining \ttfamily on input line 156.
LaTeX Info: Redefining \rmfamily on input line 156.
LaTeX Info: Redefining \sffamily on input line 156.
LaTeX Info: Redefining \ttfamily on input line 156.
\thai@year=\count318
LaTeX Info: Redefining \rmfamily on input line 156.
LaTeX Info: Redefining \sffamily on input line 156.
LaTeX Info: Redefining \ttfamily on input line 156.

Overfull \hbox (6.50941pt too wide) in paragraph at lines 158--159
[]\TU/THSarabunNew(0)/m/n/10 ในช่วงไม่กี่ปีที่ผ่านมาได้มีการใช้ระบบแนะนำ (Recom
mendation System) อย่างแพร่หลายไม่ว่าจะเป็นภาพยนตร์ เพลง หรือระบบแนะนำ
 []


Overfull \hbox (12.06892pt too wide) in paragraph at lines 158--159
\TU/THSarabunNew(0)/m/n/10 ผลิตภัณฑ์ต่าง ๆ เพื่อลดระยะเวลาและความยุ่งยากในการค้
นหาของผู้ใช้รวมถึงเพิ่มประสบการณ์ของผู้ใช้อย่างไรก็ตามระบบแนะนำร้านอาหาร
 []


Overfull \hbox (7.0875pt too wide) in paragraph at lines 158--159
\TU/THSarabunNew(0)/m/n/10 ยังมีน้อยมากในวงการระบบคำแนะนำนอกจากนั้นระบบแนะนำร้า
นอาหารที่มีอยู่ในประเทศไทยเป็นเพียงแอปพลิเคชันแบบสุ่มและส่วนใหญ่
 []


Overfull \hbox (3.09001pt too wide) in paragraph at lines 160--161
[]\TU/THSarabunNew(0)/m/n/10 ด้วยเหตุนี้เอง ทางผู้พัฒนาจึงมีความตั้งใจที่จะพัฒน
าเว็บแอปพลิเคชันสำหรับแนะนำร้านอาหารที่อยู่ในพื้นที่จังหวัดกรุงเทพมหานครสำหรับ
 []


Overfull \hbox (11.14642pt too wide) in paragraph at lines 160--161
\TU/THSarabunNew(0)/m/n/10 รายบุคคลและรายกลุ่มขึ้น เพื่อเป็นตัวช่วยในการตัดสินใ
จทั้งแบบเดี่ยวและกลุ่มได้ดีมากยิ่งขึ้น โดยระบบแนะนําร้านอาหารจะอ้างอิงจากข้อมูล

 []


Overfull \hbox (2.68407pt too wide) in paragraph at lines 160--161
\TU/THSarabunNew(0)/m/n/10 ในการหาค่าเหมาะสมที่สุดเชิงคณิตศาสตร์ (Mathematical 
Optimization) สุดท้ายนี้ผู้พัฒนามีความมุ่งหวังว่าระบบแนะนําร้านอาหารราย
 []


Overfull \hbox (17.38255pt too wide) in paragraph at lines 160--161
\TU/THSarabunNew(0)/m/n/10 บุคคลและรายกลุ่มในโครงงานนี้จะช่วยลดเวลาที่เสียไปในก
ารตัดสินใจและเพิ่มความพึงพอใจของผู้ใช้งานต่อร้านอาหารที่ระบบได้ทำการแนะนำ 
 []

LaTeX Font Info:    Font shape `TU/THSarabunNew(0)/b/n' will be
(Font)              scaled to size 12.29996pt on input line 167.

Underfull \hbox (badness 10000) in alignment at lines 164--168
[][] 
 []

[3]
LaTeX Font Info:    Font shape `TU/TimesNewRoman(0)/m/n' will be
(Font)              scaled to size 12.0pt on input line 176.
LaTeX Font Info:    Font shape `TU/TimesNewRoman(0)/b/n' will be
(Font)              scaled to size 12.0pt on input line 176.

Overfull \hbox (13.67783pt too wide) in paragraph at lines 181--182
[]\TU/TimesNewRoman(0)/m/n/10 We would also like to express our very great appr
eciation to our committees, Asst.Prof.Dr. Rajchawit Sarochawik-
 []

[4

] (./no-72.toc
LaTeX Info: Redefining \rmfamily on input line 1.
LaTeX Info: Redefining \sffamily on input line 1.
LaTeX Info: Redefining \ttfamily on input line 1.
 [5

] [6] [7])
\tf@toc=\write4
\openout4 = `no-72.toc'.

 [8] (./no-72.lot
LaTeX Info: Redefining \rmfamily on input line 1.
LaTeX Info: Redefining \sffamily on input line 1.
LaTeX Info: Redefining \ttfamily on input line 1.
)
\tf@lot=\write5
\openout5 = `no-72.lot'.

 [9

] (./no-72.lof
LaTeX Info: Redefining \rmfamily on input line 1.
LaTeX Info: Redefining \sffamily on input line 1.
LaTeX Info: Redefining \ttfamily on input line 1.
 [10

])
\tf@lof=\write6
\openout6 = `no-72.lof'.

 [11]
Overfull \hbox (12.98328pt too wide) in paragraph at lines 204--204
[]|\TU/TimesNewRoman(0)/b/n/10 SYMBOL| 
 []


Underfull \hbox (badness 10000) in paragraph at lines 206--207
[]|\TU/TimesNewRoman(0)/m/n/10 jobs/
 []


Underfull \hbox (badness 10000) in paragraph at lines 207--208
[]|\TU/TimesNewRoman(0)/m/n/10 jobs/
 []

[12

] [13

]
Chapter 1.

Package hyperref Warning: bookmark level for unknown chapterxx defaults to 0.


Package hyperref Warning: Token not allowed in a PDF string (Unicode):
(hyperref)                \kern -5.0pt
(hyperref)                removed on input line 229.

LaTeX Font Info:    Font shape `TU/TimesNewRoman(0)/b/n' will be
(Font)              scaled to size 14.0pt on input line 231.
LaTeX Font Info:    Font shape `TU/TimesNewRoman(0)/b/n' will be
(Font)              scaled to size 13.0pt on input line 249.
[1

] [2] [3] [4]
File: ./images/1gantt1.png Graphic file (type bmp)
<./images/1gantt1.png>

Overfull \hbox (6.38pt too wide) in paragraph at lines 396--397
 [][] 
 []


LaTeX Warning: `!h' float specifier changed to `!ht'.

File: ./images/1gantt2.png Graphic file (type bmp)
<./images/1gantt2.png>

Overfull \hbox (6.38pt too wide) in paragraph at lines 401--402
 [][] 
 []


LaTeX Warning: `!h' float specifier changed to `!ht'.

[5] [6] [7] [8]
Chapter 2.

Package hyperref Warning: Token not allowed in a PDF string (Unicode):
(hyperref)                \kern -5.0pt
(hyperref)                removed on input line 433.

[9

]
Chapter 3.

Package hyperref Warning: Token not allowed in a PDF string (Unicode):
(hyperref)                \kern -5.0pt
(hyperref)                removed on input line 453.

[10

]
File: ./images/3usecase.png Graphic file (type bmp)
<./images/3usecase.png>

Overfull \hbox (6.38pt too wide) in paragraph at lines 478--479
 [][] 
 []

[11] [12] [13] [14] [15]
File: ./images/3functional_breakdown.png Graphic file (type bmp)
<./images/3functional_breakdown.png>
File: ./images/3system_overview.png Graphic file (type bmp)
<./images/3system_overview.png>
 [16] [17]
File: ./images/3architect.png Graphic file (type bmp)
<./images/3architect.png>
 [18]
File: ./images/3arch_appserver.png Graphic file (type bmp)
<./images/3arch_appserver.png>
 [19]
File: ./images/3arch_appclient.png Graphic file (type bmp)
<./images/3arch_appclient.png>
File: ./images/3arch_recommender.png Graphic file (type bmp)
<./images/3arch_recommender.png>


LaTeX Warning: `!h' float specifier changed to `!ht'.

[20]
File: ./images/3arch_dataservice.png Graphic file (type bmp)
<./images/3arch_dataservice.png>
 [21]
File: ./images/3arch_database.png Graphic file (type bmp)
<./images/3arch_database.png>
 [22]
File: ./images/3actdiagram_register.png Graphic file (type bmp)
<./images/3actdiagram_register.png>
 [23]
File: ./images/3actdiagram_indirec.png Graphic file (type bmp)
<./images/3actdiagram_indirec.png>
 [24]
File: ./images/3actdiagram_grouprec.png Graphic file (type bmp)
<./images/3actdiagram_grouprec.png>
 [25]
File: ./images/3seqdiagram_register.png Graphic file (type bmp)
<./images/3seqdiagram_register.png>
 [26]
File: ./images/3seqdiagram_indirec.png Graphic file (type bmp)
<./images/3seqdiagram_indirec.png>

Overfull \hbox (13.52638pt too wide) in paragraph at lines 816--817
 [][] 
 []

[27] [28]
File: ./images/3seqdiagram_creategroup.png Graphic file (type bmp)
<./images/3seqdiagram_creategroup.png>
 [29]
File: ./images/3seqdiagram_grouprec.png Graphic file (type bmp)
<./images/3seqdiagram_grouprec.png>
 [30] [31]
File: ./images/3ui_StartPageUserInterfaceDesign.png Graphic file (type bmp)
<./images/3ui_StartPageUserInterfaceDesign.png>
 [32]
File: ./images/3ui_RegistrationPageUserInterfaceDesign.png Graphic file (type b
mp)
<./images/3ui_RegistrationPageUserInterfaceDesign.png>
 [33]
File: ./images/3ui_ProfileSetupPageUserInterfaceDesign.png Graphic file (type b
mp)
<./images/3ui_ProfileSetupPageUserInterfaceDesign.png>
 [34]
File: ./images/3ui_HomePageUserInterfaceDesign.png Graphic file (type bmp)
<./images/3ui_HomePageUserInterfaceDesign.png>
File: ./images/3ui_FilterWindowUserInterfaceDesign.png Graphic file (type bmp)
<./images/3ui_FilterWindowUserInterfaceDesign.png>


LaTeX Warning: `!h' float specifier changed to `!ht'.

[35] [36]
File: ./images/3ui_RecommendationSuccessPageUserInterfaceDesign.png Graphic fil
e (type bmp)
<./images/3ui_RecommendationSuccessPageUserInterfaceDesign.png>
 [37]
File: ./images/3ui_GroupJoiningUserInterfaceDesign.png Graphic file (type bmp)
<./images/3ui_GroupJoiningUserInterfaceDesign.png>
 [38]
File: ./images/3ui_GroupConfirmationPageUserInterfaceDesign.png Graphic file (t
ype bmp)
<./images/3ui_GroupConfirmationPageUserInterfaceDesign.png>
 [39]
File: ./images/3ui_GroupRecommendationPageUserInterfaceDesign.png Graphic file 
(type bmp)
<./images/3ui_GroupRecommendationPageUserInterfaceDesign.png>
 [40]
File: ./images/3ui_ProfileManagementPageUserInterfaceDesign.png Graphic file (t
ype bmp)
<./images/3ui_ProfileManagementPageUserInterfaceDesign.png>
 [41]

LaTeX Warning: `!h' float specifier changed to `!ht'.


LaTeX Warning: `!h' float specifier changed to `!ht'.


LaTeX Warning: `!h' float specifier changed to `!ht'.

[42]
File: ./images/3db_RestaurantCollectionsIndexes.png Graphic file (type bmp)
<./images/3db_RestaurantCollectionsIndexes.png>
File: ./images/3db_UserCollectionsIndexes.png Graphic file (type bmp)
<./images/3db_UserCollectionsIndexes.png>


LaTeX Warning: `!h' float specifier changed to `!ht'.

[43]

LaTeX Warning: `!h' float specifier changed to `!ht'.

File: ./model2.pdf Graphic file (type pdf)
<use ./model2.pdf>
[44] [45]
Chapter 4.

Package hyperref Warning: Token not allowed in a PDF string (Unicode):
(hyperref)                \kern -5.0pt
(hyperref)                removed on input line 1166.


Underfull \hbox (badness 10000) in paragraph at lines 1178--1179
[]|\TU/TimesNewRoman(0)/m/n/10 jobs/
 []


Underfull \hbox (badness 10000) in paragraph at lines 1179--1179
[]|\TU/TimesNewRoman(0)/m/n/10 jobs/
 []

[46

]
Chapter 5.

Package hyperref Warning: Token not allowed in a PDF string (Unicode):
(hyperref)                \kern -5.0pt
(hyperref)                removed on input line 1208.

[47

]
Chapter 6.

Package hyperref Warning: Token not allowed in a PDF string (Unicode):
(hyperref)                \kern -5.0pt
(hyperref)                removed on input line 1215.

(./no-72.bbl [48

]) [49

] [50]

Package hyperref Warning: bookmark level for unknown apdx defaults to 0.


Package hyperref Warning: Token not allowed in a PDF string (Unicode):
(hyperref)                \hskip 10.0pt
(hyperref)                replaced by space on input line 1242.


Underfull \hbox (badness 10000) in paragraph at lines 1243--1244

 []

[51] [52]

Package hyperref Warning: Token not allowed in a PDF string (Unicode):
(hyperref)                \hskip 10.0pt
(hyperref)                replaced by space on input line 1312.


Underfull \hbox (badness 10000) in paragraph at lines 1313--1314

 []


Underfull \hbox (badness 10000) in paragraph at lines 1325--1326

 []

The property list \polyglossia@langsetup contains the pairs (without outer
braces):
>  {latex/script}  =>  {latin}
>  {latex/lcscript}  =>  {latin}
>  {latex/scripttag}  =>  {}
>  {latex/language}  =>  {Latex}
>  {latex/langtag}  =>  {ENG}
>  {latex/bcp47}  =>  {}
>  {latex/hyphennames}  =>  {english}
>  {latex/direction}  =>  {LR}
>  {latex/hyphenmins}  =>  {2,3}
>  {latex/frenchspacing}  =>  {false}
>  {latex/indentfirst}  =>  {false}
>  {latex/fontsetup}  =>  {true}
>  {latex/envname}  =>  {latex}
>  {latex/babelname}  =>  {latex}
>  {latex/localnumeral}  =>  {polyglossia@C@localnumeral}
>  {latex/Localnumeral}  =>  {polyglossia@C@localnumeral}
>  {english/script}  =>  {latin}
>  {english/lcscript}  =>  {latin}
>  {english/scripttag}  =>  {}
>  {english/language}  =>  {English}
>  {english/langtag}  =>  {ENG}
>  {english/bcp47}  =>  {en-US}
>  {english/hyphennames}  =>  {english,american,usenglish,USenglish}
>  {english/direction}  =>  {LR}
>  {english/hyphenmins}  =>  {2,3}
>  {english/frenchspacing}  =>  {false}
>  {english/indentfirst}  =>  {false}
>  {english/fontsetup}  =>  {true}
>  {english/envname}  =>  {english}
>  {english/babelname}  =>  {american}
>  {english/localnumeral}  =>  {polyglossia@C@localnumeral}
>  {english/Localnumeral}  =>  {polyglossia@C@localnumeral}
>  {thai/script}  =>  {Thai}
>  {thai/lcscript}  =>  {thai}
>  {thai/scripttag}  =>  {thai}
>  {thai/language}  =>  {Thai}
>  {thai/langtag}  =>  {THA}
>  {thai/bcp47}  =>  {th}
>  {thai/hyphennames}  =>  {nohyphenation}
>  {thai/direction}  =>  {LR}
>  {thai/hyphenmins}  =>  {2,3}
>  {thai/frenchspacing}  =>  {false}
>  {thai/indentfirst}  =>  {false}
>  {thai/fontsetup}  =>  {true}
>  {thai/envname}  =>  {thai}
>  {thai/babelname}  =>  {thai}
>  {thai/localnumeral}  =>  {thainumerals}
>  {thai/Localnumeral}  =>  {thainumerals}.
[53] (./no-72.aux
LaTeX Info: Redefining \rmfamily on input line 19.
LaTeX Info: Redefining \sffamily on input line 19.
LaTeX Info: Redefining \ttfamily on input line 19.
)

LaTeX Warning: There were multiply-defined labels.


Package rerunfilecheck Warning: File `no-72.out' has changed.
(rerunfilecheck)                Rerun to get outlines right
(rerunfilecheck)                or use package `bookmark'.

Package rerunfilecheck Info: Checksums for `no-72.out':
(rerunfilecheck)             Before: F544F336E802B7E2C002F2E4CD6F7245;16418
(rerunfilecheck)             After:  943271693E175ACAF87ADBB127AACB9B;17321.
 ) 
Here is how much of TeX's memory you used:
 16553 strings out of 478436
 308065 string characters out of 5853929
 691773 words of memory out of 5000000
 36151 multiletter control sequences out of 15000+600000
 406087 words of font info for 74 fonts, out of 8000000 for 9000
 319 hyphenation exceptions out of 8191
 110i,11n,117p,1119b,564s stack positions out of 5000i,500n,10000p,200000b,80000s

Output written on no-72.pdf (67 pages).
